<?xml version="1.0" encoding="UTF-8"?>
<!-- Generated by org.testng.reporters.JUnitXMLReporter -->
<testsuite ignored="0" hostname="APT04-1DKF7G3" failures="0" tests="3" name="Default test" time="76.697" errors="0" timestamp="2024-06-26T21:08:08 IST">
  <testcase classname="inetBankingV1_MorningBranch.dataProvider.axxosExcel" name="login" time="36.329"/>
  <testcase classname="inetBankingV1_MorningBranch.dataProvider.axxosExcel" name="login" time="23.86"/>
  <testcase classname="inetBankingV1_MorningBranch.dataProvider.axxosExcel" name="login" time="15.652"/>
</testsuite> <!-- Default test -->
