<?xml version="1.0" encoding="UTF-8"?>
<testng-results ignored="0" total="3" passed="3" failed="0" skipped="0">
  <reporter-output>
  </reporter-output>
  <suite started-at="2024-06-26T21:06:51 IST" name="Default suite" finished-at="2024-06-26T21:08:08 IST" duration-ms="76697">
    <groups>
    </groups>
    <test started-at="2024-06-26T21:06:51 IST" name="Default test" finished-at="2024-06-26T21:08:08 IST" duration-ms="76697">
      <class name="inetBankingV1_MorningBranch.dataProvider.axxosExcel">
        <test-method signature="login(java.lang.String,java.lang.String)[pri:0, instance:inetBankingV1_MorningBranch.dataProvider.axxosExcel@7c6908d7]" started-at="2024-06-26T21:06:52 IST" name="login" data-provider="logindata" finished-at="2024-06-26T21:07:28 IST" duration-ms="36329" status="PASS">
          <params>
            <param index="0">
              <value>
                <![CDATA[sa]]>
              </value>
            </param>
            <param index="1">
              <value>
                <![CDATA[Test@01]]>
              </value>
            </param>
          </params>
          <reporter-output>
          </reporter-output>
        </test-method> <!-- login -->
        <test-method signature="login(java.lang.String,java.lang.String)[pri:0, instance:inetBankingV1_MorningBranch.dataProvider.axxosExcel@7c6908d7]" started-at="2024-06-26T21:07:28 IST" name="login" data-provider="logindata" finished-at="2024-06-26T21:07:52 IST" duration-ms="23860" status="PASS">
          <params>
            <param index="0">
              <value>
                <![CDATA[chha244]]>
              </value>
            </param>
            <param index="1">
              <value>
                <![CDATA[Test@02]]>
              </value>
            </param>
          </params>
          <reporter-output>
          </reporter-output>
        </test-method> <!-- login -->
        <test-method signature="login(java.lang.String,java.lang.String)[pri:0, instance:inetBankingV1_MorningBranch.dataProvider.axxosExcel@7c6908d7]" started-at="2024-06-26T21:07:52 IST" name="login" data-provider="logindata" finished-at="2024-06-26T21:08:08 IST" duration-ms="15652" status="PASS">
          <params>
            <param index="0">
              <value>
                <![CDATA[help]]>
              </value>
            </param>
            <param index="1">
              <value>
                <![CDATA[Test@03]]>
              </value>
            </param>
          </params>
          <reporter-output>
          </reporter-output>
        </test-method> <!-- login -->
      </class> <!-- inetBankingV1_MorningBranch.dataProvider.axxosExcel -->
    </test> <!-- Default test -->
  </suite> <!-- Default suite -->
</testng-results>
